----------------------------------------------------------------
Thu Mar 23 10:04:05 CDT 2017:
Booting Derby version The Apache Software Foundation - Apache Derby - 10.12.1.1 - (1704137): instance a816c00e-015a-fbb2-3900-00003673e613 
on database directory /Users/mminella/Documents/IntelliJWorkspace/spring-batch/spring-batch-infrastructure/build/derby-home/derbydb with class loader sun.misc.Launcher$AppClassLoader@73d16e93 
Loaded from file:/Users/mminella/.gradle/caches/modules-2/files-2.1/org.apache.derby/derby/10.12.1.1/75070c744a8e52a7d17b8b476468580309d5cd09/derby-10.12.1.1.jar
java.vendor=Oracle Corporation
java.runtime.version=1.8.0_31-b13
user.dir=/Users/mminella/Documents/IntelliJWorkspace/spring-batch/spring-batch-infrastructure
os.name=Mac OS X
os.arch=x86_64
os.version=10.12.3
derby.system.home=/Users/mminella/Documents/IntelliJWorkspace/spring-batch/spring-batch-infrastructure/build/derby-home
Database Class Loader started - derby.database.classpath=''
----------------------------------------------------------------
Thu Mar 23 10:04:07 CDT 2017:
Shutting down instance a816c00e-015a-fbb2-3900-00003673e613 on database directory /Users/mminella/Documents/IntelliJWorkspace/spring-batch/spring-batch-infrastructure/build/derby-home/derbydb with class loader sun.misc.Launcher$AppClassLoader@73d16e93 
----------------------------------------------------------------
Thu Mar 23 10:04:07 CDT 2017:
Booting Derby version The Apache Software Foundation - Apache Derby - 10.12.1.1 - (1704137): instance f67740d7-015a-fbb2-3900-00003673e613 
on database directory /Users/mminella/Documents/IntelliJWorkspace/spring-batch/spring-batch-infrastructure/build/derby-home/derbydb with class loader sun.misc.Launcher$AppClassLoader@73d16e93 
Loaded from file:/Users/mminella/.gradle/caches/modules-2/files-2.1/org.apache.derby/derby/10.12.1.1/75070c744a8e52a7d17b8b476468580309d5cd09/derby-10.12.1.1.jar
java.vendor=Oracle Corporation
java.runtime.version=1.8.0_31-b13
user.dir=/Users/mminella/Documents/IntelliJWorkspace/spring-batch/spring-batch-infrastructure
os.name=Mac OS X
os.arch=x86_64
os.version=10.12.3
derby.system.home=/Users/mminella/Documents/IntelliJWorkspace/spring-batch/spring-batch-infrastructure/build/derby-home
Database Class Loader started - derby.database.classpath=''
----------------------------------------------------------------
Thu Mar 23 10:04:07 CDT 2017:
Shutting down instance f67740d7-015a-fbb2-3900-00003673e613 on database directory /Users/mminella/Documents/IntelliJWorkspace/spring-batch/spring-batch-infrastructure/build/derby-home/derbydb with class loader sun.misc.Launcher$AppClassLoader@73d16e93 
----------------------------------------------------------------
Thu Mar 23 10:04:07 CDT 2017:
Booting Derby version The Apache Software Foundation - Apache Derby - 10.12.1.1 - (1704137): instance a0200101-015a-fbb2-3900-00003673e613 
on database directory /Users/mminella/Documents/IntelliJWorkspace/spring-batch/spring-batch-infrastructure/build/derby-home/derbydb with class loader sun.misc.Launcher$AppClassLoader@73d16e93 
Loaded from file:/Users/mminella/.gradle/caches/modules-2/files-2.1/org.apache.derby/derby/10.12.1.1/75070c744a8e52a7d17b8b476468580309d5cd09/derby-10.12.1.1.jar
java.vendor=Oracle Corporation
java.runtime.version=1.8.0_31-b13
user.dir=/Users/mminella/Documents/IntelliJWorkspace/spring-batch/spring-batch-infrastructure
os.name=Mac OS X
os.arch=x86_64
os.version=10.12.3
derby.system.home=/Users/mminella/Documents/IntelliJWorkspace/spring-batch/spring-batch-infrastructure/build/derby-home
Database Class Loader started - derby.database.classpath=''
----------------------------------------------------------------
Thu Mar 23 10:04:07 CDT 2017:
Shutting down instance a0200101-015a-fbb2-3900-00003673e613 on database directory /Users/mminella/Documents/IntelliJWorkspace/spring-batch/spring-batch-infrastructure/build/derby-home/derbydb with class loader sun.misc.Launcher$AppClassLoader@73d16e93 
----------------------------------------------------------------
Thu Mar 23 10:04:07 CDT 2017:
Booting Derby version The Apache Software Foundation - Apache Derby - 10.12.1.1 - (1704137): instance ec17812d-015a-fbb2-3900-00003673e613 
on database directory /Users/mminella/Documents/IntelliJWorkspace/spring-batch/spring-batch-infrastructure/build/derby-home/derbydb with class loader sun.misc.Launcher$AppClassLoader@73d16e93 
Loaded from file:/Users/mminella/.gradle/caches/modules-2/files-2.1/org.apache.derby/derby/10.12.1.1/75070c744a8e52a7d17b8b476468580309d5cd09/derby-10.12.1.1.jar
java.vendor=Oracle Corporation
java.runtime.version=1.8.0_31-b13
user.dir=/Users/mminella/Documents/IntelliJWorkspace/spring-batch/spring-batch-infrastructure
os.name=Mac OS X
os.arch=x86_64
os.version=10.12.3
derby.system.home=/Users/mminella/Documents/IntelliJWorkspace/spring-batch/spring-batch-infrastructure/build/derby-home
Database Class Loader started - derby.database.classpath=''
----------------------------------------------------------------
Thu Mar 23 10:04:07 CDT 2017:
Shutting down instance ec17812d-015a-fbb2-3900-00003673e613 on database directory /Users/mminella/Documents/IntelliJWorkspace/spring-batch/spring-batch-infrastructure/build/derby-home/derbydb with class loader sun.misc.Launcher$AppClassLoader@73d16e93 
----------------------------------------------------------------
Thu Mar 23 10:04:07 CDT 2017:
Booting Derby version The Apache Software Foundation - Apache Derby - 10.12.1.1 - (1704137): instance 39f30159-015a-fbb2-3900-00003673e613 
on database directory /Users/mminella/Documents/IntelliJWorkspace/spring-batch/spring-batch-infrastructure/build/derby-home/derbydb with class loader sun.misc.Launcher$AppClassLoader@73d16e93 
Loaded from file:/Users/mminella/.gradle/caches/modules-2/files-2.1/org.apache.derby/derby/10.12.1.1/75070c744a8e52a7d17b8b476468580309d5cd09/derby-10.12.1.1.jar
java.vendor=Oracle Corporation
java.runtime.version=1.8.0_31-b13
user.dir=/Users/mminella/Documents/IntelliJWorkspace/spring-batch/spring-batch-infrastructure
os.name=Mac OS X
os.arch=x86_64
os.version=10.12.3
derby.system.home=/Users/mminella/Documents/IntelliJWorkspace/spring-batch/spring-batch-infrastructure/build/derby-home
Database Class Loader started - derby.database.classpath=''
----------------------------------------------------------------
Thu Mar 23 10:04:08 CDT 2017:
Shutting down instance 39f30159-015a-fbb2-3900-00003673e613 on database directory /Users/mminella/Documents/IntelliJWorkspace/spring-batch/spring-batch-infrastructure/build/derby-home/derbydb with class loader sun.misc.Launcher$AppClassLoader@73d16e93 
----------------------------------------------------------------
Thu Mar 23 10:04:08 CDT 2017:
Booting Derby version The Apache Software Foundation - Apache Derby - 10.12.1.1 - (1704137): instance 89b28185-015a-fbb2-3900-00003673e613 
on database directory /Users/mminella/Documents/IntelliJWorkspace/spring-batch/spring-batch-infrastructure/build/derby-home/derbydb with class loader sun.misc.Launcher$AppClassLoader@73d16e93 
Loaded from file:/Users/mminella/.gradle/caches/modules-2/files-2.1/org.apache.derby/derby/10.12.1.1/75070c744a8e52a7d17b8b476468580309d5cd09/derby-10.12.1.1.jar
java.vendor=Oracle Corporation
java.runtime.version=1.8.0_31-b13
user.dir=/Users/mminella/Documents/IntelliJWorkspace/spring-batch/spring-batch-infrastructure
os.name=Mac OS X
os.arch=x86_64
os.version=10.12.3
derby.system.home=/Users/mminella/Documents/IntelliJWorkspace/spring-batch/spring-batch-infrastructure/build/derby-home
Database Class Loader started - derby.database.classpath=''
----------------------------------------------------------------
Thu Mar 23 10:04:08 CDT 2017:
Shutting down instance 89b28185-015a-fbb2-3900-00003673e613 on database directory /Users/mminella/Documents/IntelliJWorkspace/spring-batch/spring-batch-infrastructure/build/derby-home/derbydb with class loader sun.misc.Launcher$AppClassLoader@73d16e93 
----------------------------------------------------------------
Thu Mar 23 10:04:08 CDT 2017:
Booting Derby version The Apache Software Foundation - Apache Derby - 10.12.1.1 - (1704137): instance db5601b1-015a-fbb2-3900-00003673e613 
on database directory /Users/mminella/Documents/IntelliJWorkspace/spring-batch/spring-batch-infrastructure/build/derby-home/derbydb with class loader sun.misc.Launcher$AppClassLoader@73d16e93 
Loaded from file:/Users/mminella/.gradle/caches/modules-2/files-2.1/org.apache.derby/derby/10.12.1.1/75070c744a8e52a7d17b8b476468580309d5cd09/derby-10.12.1.1.jar
java.vendor=Oracle Corporation
java.runtime.version=1.8.0_31-b13
user.dir=/Users/mminella/Documents/IntelliJWorkspace/spring-batch/spring-batch-infrastructure
os.name=Mac OS X
os.arch=x86_64
os.version=10.12.3
derby.system.home=/Users/mminella/Documents/IntelliJWorkspace/spring-batch/spring-batch-infrastructure/build/derby-home
Database Class Loader started - derby.database.classpath=''
----------------------------------------------------------------
Thu Mar 23 10:04:08 CDT 2017:
Shutting down instance db5601b1-015a-fbb2-3900-00003673e613 on database directory /Users/mminella/Documents/IntelliJWorkspace/spring-batch/spring-batch-infrastructure/build/derby-home/derbydb with class loader sun.misc.Launcher$AppClassLoader@73d16e93 
----------------------------------------------------------------
Thu Mar 23 10:04:08 CDT 2017:
Booting Derby version The Apache Software Foundation - Apache Derby - 10.12.1.1 - (1704137): instance e84401e0-015a-fbb2-3900-00003673e613 
on database directory /Users/mminella/Documents/IntelliJWorkspace/spring-batch/spring-batch-infrastructure/build/derby-home/derbydb with class loader sun.misc.Launcher$AppClassLoader@73d16e93 
Loaded from file:/Users/mminella/.gradle/caches/modules-2/files-2.1/org.apache.derby/derby/10.12.1.1/75070c744a8e52a7d17b8b476468580309d5cd09/derby-10.12.1.1.jar
java.vendor=Oracle Corporation
java.runtime.version=1.8.0_31-b13
user.dir=/Users/mminella/Documents/IntelliJWorkspace/spring-batch/spring-batch-infrastructure
os.name=Mac OS X
os.arch=x86_64
os.version=10.12.3
derby.system.home=/Users/mminella/Documents/IntelliJWorkspace/spring-batch/spring-batch-infrastructure/build/derby-home
Database Class Loader started - derby.database.classpath=''
----------------------------------------------------------------
Thu Mar 23 10:04:08 CDT 2017:
Shutting down instance e84401e0-015a-fbb2-3900-00003673e613 on database directory /Users/mminella/Documents/IntelliJWorkspace/spring-batch/spring-batch-infrastructure/build/derby-home/derbydb with class loader sun.misc.Launcher$AppClassLoader@73d16e93 
----------------------------------------------------------------
Thu Mar 23 10:04:08 CDT 2017:
Booting Derby version The Apache Software Foundation - Apache Derby - 10.12.1.1 - (1704137): instance cccb420a-015a-fbb2-3900-00003673e613 
on database directory /Users/mminella/Documents/IntelliJWorkspace/spring-batch/spring-batch-infrastructure/build/derby-home/derbydb with class loader sun.misc.Launcher$AppClassLoader@73d16e93 
Loaded from file:/Users/mminella/.gradle/caches/modules-2/files-2.1/org.apache.derby/derby/10.12.1.1/75070c744a8e52a7d17b8b476468580309d5cd09/derby-10.12.1.1.jar
java.vendor=Oracle Corporation
java.runtime.version=1.8.0_31-b13
user.dir=/Users/mminella/Documents/IntelliJWorkspace/spring-batch/spring-batch-infrastructure
os.name=Mac OS X
os.arch=x86_64
os.version=10.12.3
derby.system.home=/Users/mminella/Documents/IntelliJWorkspace/spring-batch/spring-batch-infrastructure/build/derby-home
Database Class Loader started - derby.database.classpath=''
----------------------------------------------------------------
Thu Mar 23 10:04:09 CDT 2017:
Shutting down instance cccb420a-015a-fbb2-3900-00003673e613 on database directory /Users/mminella/Documents/IntelliJWorkspace/spring-batch/spring-batch-infrastructure/build/derby-home/derbydb with class loader sun.misc.Launcher$AppClassLoader@73d16e93 
----------------------------------------------------------------
Thu Mar 23 10:04:09 CDT 2017:
Booting Derby version The Apache Software Foundation - Apache Derby - 10.12.1.1 - (1704137): instance 0425c236-015a-fbb2-3900-00003673e613 
on database directory /Users/mminella/Documents/IntelliJWorkspace/spring-batch/spring-batch-infrastructure/build/derby-home/derbydb with class loader sun.misc.Launcher$AppClassLoader@73d16e93 
Loaded from file:/Users/mminella/.gradle/caches/modules-2/files-2.1/org.apache.derby/derby/10.12.1.1/75070c744a8e52a7d17b8b476468580309d5cd09/derby-10.12.1.1.jar
java.vendor=Oracle Corporation
java.runtime.version=1.8.0_31-b13
user.dir=/Users/mminella/Documents/IntelliJWorkspace/spring-batch/spring-batch-infrastructure
os.name=Mac OS X
os.arch=x86_64
os.version=10.12.3
derby.system.home=/Users/mminella/Documents/IntelliJWorkspace/spring-batch/spring-batch-infrastructure/build/derby-home
Database Class Loader started - derby.database.classpath=''
----------------------------------------------------------------
Thu Mar 23 10:04:09 CDT 2017:
Shutting down instance 0425c236-015a-fbb2-3900-00003673e613 on database directory /Users/mminella/Documents/IntelliJWorkspace/spring-batch/spring-batch-infrastructure/build/derby-home/derbydb with class loader sun.misc.Launcher$AppClassLoader@73d16e93 
----------------------------------------------------------------
Thu Mar 23 10:04:09 CDT 2017:
Booting Derby version The Apache Software Foundation - Apache Derby - 10.12.1.1 - (1704137): instance 3d644262-015a-fbb2-3900-00003673e613 
on database directory /Users/mminella/Documents/IntelliJWorkspace/spring-batch/spring-batch-infrastructure/build/derby-home/derbydb with class loader sun.misc.Launcher$AppClassLoader@73d16e93 
Loaded from file:/Users/mminella/.gradle/caches/modules-2/files-2.1/org.apache.derby/derby/10.12.1.1/75070c744a8e52a7d17b8b476468580309d5cd09/derby-10.12.1.1.jar
java.vendor=Oracle Corporation
java.runtime.version=1.8.0_31-b13
user.dir=/Users/mminella/Documents/IntelliJWorkspace/spring-batch/spring-batch-infrastructure
os.name=Mac OS X
os.arch=x86_64
os.version=10.12.3
derby.system.home=/Users/mminella/Documents/IntelliJWorkspace/spring-batch/spring-batch-infrastructure/build/derby-home
Database Class Loader started - derby.database.classpath=''
----------------------------------------------------------------
Thu Mar 23 10:04:09 CDT 2017:
Shutting down instance 3d644262-015a-fbb2-3900-00003673e613 on database directory /Users/mminella/Documents/IntelliJWorkspace/spring-batch/spring-batch-infrastructure/build/derby-home/derbydb with class loader sun.misc.Launcher$AppClassLoader@73d16e93 
----------------------------------------------------------------
Thu Mar 23 10:04:09 CDT 2017:
Booting Derby version The Apache Software Foundation - Apache Derby - 10.12.1.1 - (1704137): instance 7886c28e-015a-fbb2-3900-00003673e613 
on database directory /Users/mminella/Documents/IntelliJWorkspace/spring-batch/spring-batch-infrastructure/build/derby-home/derbydb with class loader sun.misc.Launcher$AppClassLoader@73d16e93 
Loaded from file:/Users/mminella/.gradle/caches/modules-2/files-2.1/org.apache.derby/derby/10.12.1.1/75070c744a8e52a7d17b8b476468580309d5cd09/derby-10.12.1.1.jar
java.vendor=Oracle Corporation
java.runtime.version=1.8.0_31-b13
user.dir=/Users/mminella/Documents/IntelliJWorkspace/spring-batch/spring-batch-infrastructure
os.name=Mac OS X
os.arch=x86_64
os.version=10.12.3
derby.system.home=/Users/mminella/Documents/IntelliJWorkspace/spring-batch/spring-batch-infrastructure/build/derby-home
Database Class Loader started - derby.database.classpath=''
----------------------------------------------------------------
Thu Mar 23 10:04:09 CDT 2017:
Shutting down instance 7886c28e-015a-fbb2-3900-00003673e613 on database directory /Users/mminella/Documents/IntelliJWorkspace/spring-batch/spring-batch-infrastructure/build/derby-home/derbydb with class loader sun.misc.Launcher$AppClassLoader@73d16e93 
----------------------------------------------------------------
Thu Mar 23 10:04:09 CDT 2017:
Booting Derby version The Apache Software Foundation - Apache Derby - 10.12.1.1 - (1704137): instance 06ea82bc-015a-fbb2-3900-00003673e613 
on database directory /Users/mminella/Documents/IntelliJWorkspace/spring-batch/spring-batch-infrastructure/build/derby-home/derbydb with class loader sun.misc.Launcher$AppClassLoader@73d16e93 
Loaded from file:/Users/mminella/.gradle/caches/modules-2/files-2.1/org.apache.derby/derby/10.12.1.1/75070c744a8e52a7d17b8b476468580309d5cd09/derby-10.12.1.1.jar
java.vendor=Oracle Corporation
java.runtime.version=1.8.0_31-b13
user.dir=/Users/mminella/Documents/IntelliJWorkspace/spring-batch/spring-batch-infrastructure
os.name=Mac OS X
os.arch=x86_64
os.version=10.12.3
derby.system.home=/Users/mminella/Documents/IntelliJWorkspace/spring-batch/spring-batch-infrastructure/build/derby-home
Database Class Loader started - derby.database.classpath=''
----------------------------------------------------------------
Thu Mar 23 10:04:09 CDT 2017:
Shutting down instance 06ea82bc-015a-fbb2-3900-00003673e613 on database directory /Users/mminella/Documents/IntelliJWorkspace/spring-batch/spring-batch-infrastructure/build/derby-home/derbydb with class loader sun.misc.Launcher$AppClassLoader@73d16e93 
----------------------------------------------------------------
Thu Mar 23 10:04:09 CDT 2017:
Booting Derby version The Apache Software Foundation - Apache Derby - 10.12.1.1 - (1704137): instance f477c2e6-015a-fbb2-3900-00003673e613 
on database directory /Users/mminella/Documents/IntelliJWorkspace/spring-batch/spring-batch-infrastructure/build/derby-home/derbydb with class loader sun.misc.Launcher$AppClassLoader@73d16e93 
Loaded from file:/Users/mminella/.gradle/caches/modules-2/files-2.1/org.apache.derby/derby/10.12.1.1/75070c744a8e52a7d17b8b476468580309d5cd09/derby-10.12.1.1.jar
java.vendor=Oracle Corporation
java.runtime.version=1.8.0_31-b13
user.dir=/Users/mminella/Documents/IntelliJWorkspace/spring-batch/spring-batch-infrastructure
os.name=Mac OS X
os.arch=x86_64
os.version=10.12.3
derby.system.home=/Users/mminella/Documents/IntelliJWorkspace/spring-batch/spring-batch-infrastructure/build/derby-home
Database Class Loader started - derby.database.classpath=''
----------------------------------------------------------------
Thu Mar 23 10:04:10 CDT 2017:
Shutting down instance f477c2e6-015a-fbb2-3900-00003673e613 on database directory /Users/mminella/Documents/IntelliJWorkspace/spring-batch/spring-batch-infrastructure/build/derby-home/derbydb with class loader sun.misc.Launcher$AppClassLoader@73d16e93 
----------------------------------------------------------------
Thu Mar 23 10:04:10 CDT 2017:
Booting Derby version The Apache Software Foundation - Apache Derby - 10.12.1.1 - (1704137): instance 23be0310-015a-fbb2-3900-00003673e613 
on database directory /Users/mminella/Documents/IntelliJWorkspace/spring-batch/spring-batch-infrastructure/build/derby-home/derbydb with class loader sun.misc.Launcher$AppClassLoader@73d16e93 
Loaded from file:/Users/mminella/.gradle/caches/modules-2/files-2.1/org.apache.derby/derby/10.12.1.1/75070c744a8e52a7d17b8b476468580309d5cd09/derby-10.12.1.1.jar
java.vendor=Oracle Corporation
java.runtime.version=1.8.0_31-b13
user.dir=/Users/mminella/Documents/IntelliJWorkspace/spring-batch/spring-batch-infrastructure
os.name=Mac OS X
os.arch=x86_64
os.version=10.12.3
derby.system.home=/Users/mminella/Documents/IntelliJWorkspace/spring-batch/spring-batch-infrastructure/build/derby-home
Database Class Loader started - derby.database.classpath=''
----------------------------------------------------------------
Thu Mar 23 10:04:10 CDT 2017:
Shutting down instance 23be0310-015a-fbb2-3900-00003673e613 on database directory /Users/mminella/Documents/IntelliJWorkspace/spring-batch/spring-batch-infrastructure/build/derby-home/derbydb with class loader sun.misc.Launcher$AppClassLoader@73d16e93 
----------------------------------------------------------------
Thu Mar 23 10:04:10 CDT 2017:
Booting Derby version The Apache Software Foundation - Apache Derby - 10.12.1.1 - (1704137): instance 665a833c-015a-fbb2-3900-00003673e613 
on database directory /Users/mminella/Documents/IntelliJWorkspace/spring-batch/spring-batch-infrastructure/build/derby-home/derbydb with class loader sun.misc.Launcher$AppClassLoader@73d16e93 
Loaded from file:/Users/mminella/.gradle/caches/modules-2/files-2.1/org.apache.derby/derby/10.12.1.1/75070c744a8e52a7d17b8b476468580309d5cd09/derby-10.12.1.1.jar
java.vendor=Oracle Corporation
java.runtime.version=1.8.0_31-b13
user.dir=/Users/mminella/Documents/IntelliJWorkspace/spring-batch/spring-batch-infrastructure
os.name=Mac OS X
os.arch=x86_64
os.version=10.12.3
derby.system.home=/Users/mminella/Documents/IntelliJWorkspace/spring-batch/spring-batch-infrastructure/build/derby-home
Database Class Loader started - derby.database.classpath=''
----------------------------------------------------------------
Thu Mar 23 10:04:10 CDT 2017:
Shutting down instance 665a833c-015a-fbb2-3900-00003673e613 on database directory /Users/mminella/Documents/IntelliJWorkspace/spring-batch/spring-batch-infrastructure/build/derby-home/derbydb with class loader sun.misc.Launcher$AppClassLoader@73d16e93 
----------------------------------------------------------------
Thu Mar 23 10:04:10 CDT 2017:
Booting Derby version The Apache Software Foundation - Apache Derby - 10.12.1.1 - (1704137): instance aadb0368-015a-fbb2-3900-00003673e613 
on database directory /Users/mminella/Documents/IntelliJWorkspace/spring-batch/spring-batch-infrastructure/build/derby-home/derbydb with class loader sun.misc.Launcher$AppClassLoader@73d16e93 
Loaded from file:/Users/mminella/.gradle/caches/modules-2/files-2.1/org.apache.derby/derby/10.12.1.1/75070c744a8e52a7d17b8b476468580309d5cd09/derby-10.12.1.1.jar
java.vendor=Oracle Corporation
java.runtime.version=1.8.0_31-b13
user.dir=/Users/mminella/Documents/IntelliJWorkspace/spring-batch/spring-batch-infrastructure
os.name=Mac OS X
os.arch=x86_64
os.version=10.12.3
derby.system.home=/Users/mminella/Documents/IntelliJWorkspace/spring-batch/spring-batch-infrastructure/build/derby-home
Database Class Loader started - derby.database.classpath=''
----------------------------------------------------------------
Thu Mar 23 10:04:10 CDT 2017:
Shutting down instance aadb0368-015a-fbb2-3900-00003673e613 on database directory /Users/mminella/Documents/IntelliJWorkspace/spring-batch/spring-batch-infrastructure/build/derby-home/derbydb with class loader sun.misc.Launcher$AppClassLoader@73d16e93 
----------------------------------------------------------------
Thu Mar 23 10:04:25 CDT 2017:
Booting Derby version The Apache Software Foundation - Apache Derby - 10.12.1.1 - (1704137): instance 5303838d-015a-fbb2-3900-00003673e613 
on database directory /Users/mminella/Documents/IntelliJWorkspace/spring-batch/spring-batch-infrastructure/build/derby-home/derby-home/test with class loader sun.misc.Launcher$AppClassLoader@73d16e93 
Loaded from file:/Users/mminella/.gradle/caches/modules-2/files-2.1/org.apache.derby/derby/10.12.1.1/75070c744a8e52a7d17b8b476468580309d5cd09/derby-10.12.1.1.jar
java.vendor=Oracle Corporation
java.runtime.version=1.8.0_31-b13
user.dir=/Users/mminella/Documents/IntelliJWorkspace/spring-batch/spring-batch-infrastructure
os.name=Mac OS X
os.arch=x86_64
os.version=10.12.3
derby.system.home=/Users/mminella/Documents/IntelliJWorkspace/spring-batch/spring-batch-infrastructure/build/derby-home
Database Class Loader started - derby.database.classpath=''
