----------------------------------------------------------------
Thu Oct 23 12:28:10 CDT 2014:
Booting Derby version The Apache Software Foundation - Apache Derby - 10.8.2.2 - (1181258): instance a816c00e-0149-3e0d-2ae4-00005210abf4 
on database directory /Users/mminella/Documents/IntelliJWorkspace/spring-batch/spring-batch-infrastructure/target/derby-home/derbydb  with class loader sun.misc.Launcher$AppClassLoader@75a06ec2 
Loaded from file:/Users/mminella/.m2/repository/org/apache/derby/derby/10.8.2.2/derby-10.8.2.2.jar
java.vendor=Oracle Corporation
java.runtime.version=1.7.0_60-ea-b13
user.dir=/Users/mminella/Documents/IntelliJWorkspace/spring-batch/spring-batch-infrastructure
derby.system.home=/Users/mminella/Documents/IntelliJWorkspace/spring-batch/spring-batch-infrastructure/target/derby-home
Database Class Loader started - derby.database.classpath=''
----------------------------------------------------------------
Thu Oct 23 12:28:11 CDT 2014:
Shutting down instance a816c00e-0149-3e0d-2ae4-00005210abf4 on database directory /Users/mminella/Documents/IntelliJWorkspace/spring-batch/spring-batch-infrastructure/target/derby-home/derbydb with class loader sun.misc.Launcher$AppClassLoader@75a06ec2 
----------------------------------------------------------------
Thu Oct 23 12:28:11 CDT 2014:
Booting Derby version The Apache Software Foundation - Apache Derby - 10.8.2.2 - (1181258): instance b9810038-0149-3e0d-2ae4-00005210abf4 
on database directory /Users/mminella/Documents/IntelliJWorkspace/spring-batch/spring-batch-infrastructure/target/derby-home/derbydb  with class loader sun.misc.Launcher$AppClassLoader@75a06ec2 
Loaded from file:/Users/mminella/.m2/repository/org/apache/derby/derby/10.8.2.2/derby-10.8.2.2.jar
java.vendor=Oracle Corporation
java.runtime.version=1.7.0_60-ea-b13
user.dir=/Users/mminella/Documents/IntelliJWorkspace/spring-batch/spring-batch-infrastructure
derby.system.home=/Users/mminella/Documents/IntelliJWorkspace/spring-batch/spring-batch-infrastructure/target/derby-home
Database Class Loader started - derby.database.classpath=''
----------------------------------------------------------------
Thu Oct 23 12:28:11 CDT 2014:
Shutting down instance b9810038-0149-3e0d-2ae4-00005210abf4 on database directory /Users/mminella/Documents/IntelliJWorkspace/spring-batch/spring-batch-infrastructure/target/derby-home/derbydb with class loader sun.misc.Launcher$AppClassLoader@75a06ec2 
----------------------------------------------------------------
Thu Oct 23 12:28:11 CDT 2014:
Booting Derby version The Apache Software Foundation - Apache Derby - 10.8.2.2 - (1181258): instance 3d3b0068-0149-3e0d-2ae4-00005210abf4 
on database directory /Users/mminella/Documents/IntelliJWorkspace/spring-batch/spring-batch-infrastructure/target/derby-home/derbydb  with class loader sun.misc.Launcher$AppClassLoader@75a06ec2 
Loaded from file:/Users/mminella/.m2/repository/org/apache/derby/derby/10.8.2.2/derby-10.8.2.2.jar
java.vendor=Oracle Corporation
java.runtime.version=1.7.0_60-ea-b13
user.dir=/Users/mminella/Documents/IntelliJWorkspace/spring-batch/spring-batch-infrastructure
derby.system.home=/Users/mminella/Documents/IntelliJWorkspace/spring-batch/spring-batch-infrastructure/target/derby-home
Database Class Loader started - derby.database.classpath=''
----------------------------------------------------------------
Thu Oct 23 12:28:11 CDT 2014:
Shutting down instance 3d3b0068-0149-3e0d-2ae4-00005210abf4 on database directory /Users/mminella/Documents/IntelliJWorkspace/spring-batch/spring-batch-infrastructure/target/derby-home/derbydb with class loader sun.misc.Launcher$AppClassLoader@75a06ec2 
----------------------------------------------------------------
Thu Oct 23 12:28:12 CDT 2014:
Booting Derby version The Apache Software Foundation - Apache Derby - 10.8.2.2 - (1181258): instance 629f8094-0149-3e0d-2ae4-00005210abf4 
on database directory /Users/mminella/Documents/IntelliJWorkspace/spring-batch/spring-batch-infrastructure/target/derby-home/derbydb  with class loader sun.misc.Launcher$AppClassLoader@75a06ec2 
Loaded from file:/Users/mminella/.m2/repository/org/apache/derby/derby/10.8.2.2/derby-10.8.2.2.jar
java.vendor=Oracle Corporation
java.runtime.version=1.7.0_60-ea-b13
user.dir=/Users/mminella/Documents/IntelliJWorkspace/spring-batch/spring-batch-infrastructure
derby.system.home=/Users/mminella/Documents/IntelliJWorkspace/spring-batch/spring-batch-infrastructure/target/derby-home
Database Class Loader started - derby.database.classpath=''
----------------------------------------------------------------
Thu Oct 23 12:28:12 CDT 2014:
Shutting down instance 629f8094-0149-3e0d-2ae4-00005210abf4 on database directory /Users/mminella/Documents/IntelliJWorkspace/spring-batch/spring-batch-infrastructure/target/derby-home/derbydb with class loader sun.misc.Launcher$AppClassLoader@75a06ec2 
----------------------------------------------------------------
Thu Oct 23 12:28:12 CDT 2014:
Booting Derby version The Apache Software Foundation - Apache Derby - 10.8.2.2 - (1181258): instance 89e800c0-0149-3e0d-2ae4-00005210abf4 
on database directory /Users/mminella/Documents/IntelliJWorkspace/spring-batch/spring-batch-infrastructure/target/derby-home/derbydb  with class loader sun.misc.Launcher$AppClassLoader@75a06ec2 
Loaded from file:/Users/mminella/.m2/repository/org/apache/derby/derby/10.8.2.2/derby-10.8.2.2.jar
java.vendor=Oracle Corporation
java.runtime.version=1.7.0_60-ea-b13
user.dir=/Users/mminella/Documents/IntelliJWorkspace/spring-batch/spring-batch-infrastructure
derby.system.home=/Users/mminella/Documents/IntelliJWorkspace/spring-batch/spring-batch-infrastructure/target/derby-home
Database Class Loader started - derby.database.classpath=''
----------------------------------------------------------------
Thu Oct 23 12:28:12 CDT 2014:
Shutting down instance 89e800c0-0149-3e0d-2ae4-00005210abf4 on database directory /Users/mminella/Documents/IntelliJWorkspace/spring-batch/spring-batch-infrastructure/target/derby-home/derbydb with class loader sun.misc.Launcher$AppClassLoader@75a06ec2 
----------------------------------------------------------------
Thu Oct 23 12:28:12 CDT 2014:
Booting Derby version The Apache Software Foundation - Apache Derby - 10.8.2.2 - (1181258): instance b31480ec-0149-3e0d-2ae4-00005210abf4 
on database directory /Users/mminella/Documents/IntelliJWorkspace/spring-batch/spring-batch-infrastructure/target/derby-home/derbydb  with class loader sun.misc.Launcher$AppClassLoader@75a06ec2 
Loaded from file:/Users/mminella/.m2/repository/org/apache/derby/derby/10.8.2.2/derby-10.8.2.2.jar
java.vendor=Oracle Corporation
java.runtime.version=1.7.0_60-ea-b13
user.dir=/Users/mminella/Documents/IntelliJWorkspace/spring-batch/spring-batch-infrastructure
derby.system.home=/Users/mminella/Documents/IntelliJWorkspace/spring-batch/spring-batch-infrastructure/target/derby-home
Database Class Loader started - derby.database.classpath=''
----------------------------------------------------------------
Thu Oct 23 12:28:12 CDT 2014:
Shutting down instance b31480ec-0149-3e0d-2ae4-00005210abf4 on database directory /Users/mminella/Documents/IntelliJWorkspace/spring-batch/spring-batch-infrastructure/target/derby-home/derbydb with class loader sun.misc.Launcher$AppClassLoader@75a06ec2 
----------------------------------------------------------------
Thu Oct 23 12:28:12 CDT 2014:
Booting Derby version The Apache Software Foundation - Apache Derby - 10.8.2.2 - (1181258): instance de250118-0149-3e0d-2ae4-00005210abf4 
on database directory /Users/mminella/Documents/IntelliJWorkspace/spring-batch/spring-batch-infrastructure/target/derby-home/derbydb  with class loader sun.misc.Launcher$AppClassLoader@75a06ec2 
Loaded from file:/Users/mminella/.m2/repository/org/apache/derby/derby/10.8.2.2/derby-10.8.2.2.jar
java.vendor=Oracle Corporation
java.runtime.version=1.7.0_60-ea-b13
user.dir=/Users/mminella/Documents/IntelliJWorkspace/spring-batch/spring-batch-infrastructure
derby.system.home=/Users/mminella/Documents/IntelliJWorkspace/spring-batch/spring-batch-infrastructure/target/derby-home
Database Class Loader started - derby.database.classpath=''
----------------------------------------------------------------
Thu Oct 23 12:28:12 CDT 2014:
Shutting down instance de250118-0149-3e0d-2ae4-00005210abf4 on database directory /Users/mminella/Documents/IntelliJWorkspace/spring-batch/spring-batch-infrastructure/target/derby-home/derbydb with class loader sun.misc.Launcher$AppClassLoader@75a06ec2 
----------------------------------------------------------------
Thu Oct 23 12:28:12 CDT 2014:
Booting Derby version The Apache Software Foundation - Apache Derby - 10.8.2.2 - (1181258): instance ba784142-0149-3e0d-2ae4-00005210abf4 
on database directory /Users/mminella/Documents/IntelliJWorkspace/spring-batch/spring-batch-infrastructure/target/derby-home/derbydb  with class loader sun.misc.Launcher$AppClassLoader@75a06ec2 
Loaded from file:/Users/mminella/.m2/repository/org/apache/derby/derby/10.8.2.2/derby-10.8.2.2.jar
java.vendor=Oracle Corporation
java.runtime.version=1.7.0_60-ea-b13
user.dir=/Users/mminella/Documents/IntelliJWorkspace/spring-batch/spring-batch-infrastructure
derby.system.home=/Users/mminella/Documents/IntelliJWorkspace/spring-batch/spring-batch-infrastructure/target/derby-home
Database Class Loader started - derby.database.classpath=''
----------------------------------------------------------------
Thu Oct 23 12:28:12 CDT 2014:
Shutting down instance ba784142-0149-3e0d-2ae4-00005210abf4 on database directory /Users/mminella/Documents/IntelliJWorkspace/spring-batch/spring-batch-infrastructure/target/derby-home/derbydb with class loader sun.misc.Launcher$AppClassLoader@75a06ec2 
----------------------------------------------------------------
Thu Oct 23 12:28:12 CDT 2014:
Booting Derby version The Apache Software Foundation - Apache Derby - 10.8.2.2 - (1181258): instance c24e0171-0149-3e0d-2ae4-00005210abf4 
on database directory /Users/mminella/Documents/IntelliJWorkspace/spring-batch/spring-batch-infrastructure/target/derby-home/derbydb  with class loader sun.misc.Launcher$AppClassLoader@75a06ec2 
Loaded from file:/Users/mminella/.m2/repository/org/apache/derby/derby/10.8.2.2/derby-10.8.2.2.jar
java.vendor=Oracle Corporation
java.runtime.version=1.7.0_60-ea-b13
user.dir=/Users/mminella/Documents/IntelliJWorkspace/spring-batch/spring-batch-infrastructure
derby.system.home=/Users/mminella/Documents/IntelliJWorkspace/spring-batch/spring-batch-infrastructure/target/derby-home
Database Class Loader started - derby.database.classpath=''
----------------------------------------------------------------
Thu Oct 23 12:28:18 CDT 2014:
Booting Derby version The Apache Software Foundation - Apache Derby - 10.8.2.2 - (1181258): instance 52ea01b0-0149-3e0d-2ae4-00005210abf4 
on database directory /Users/mminella/Documents/IntelliJWorkspace/spring-batch/spring-batch-infrastructure/target/derby-home/derby-home/test  with class loader sun.misc.Launcher$AppClassLoader@75a06ec2 
Loaded from file:/Users/mminella/.m2/repository/org/apache/derby/derby/10.8.2.2/derby-10.8.2.2.jar
java.vendor=Oracle Corporation
java.runtime.version=1.7.0_60-ea-b13
user.dir=/Users/mminella/Documents/IntelliJWorkspace/spring-batch/spring-batch-infrastructure
derby.system.home=/Users/mminella/Documents/IntelliJWorkspace/spring-batch/spring-batch-infrastructure/target/derby-home
Database Class Loader started - derby.database.classpath=''
----------------------------------------------------------------
Thu Oct 23 12:28:20 CDT 2014:
Shutting down instance c24e0171-0149-3e0d-2ae4-00005210abf4 on database directory /Users/mminella/Documents/IntelliJWorkspace/spring-batch/spring-batch-infrastructure/target/derby-home/derbydb with class loader sun.misc.Launcher$AppClassLoader@75a06ec2 
